[2021-08-24 12:39:39,850][train.py][line:70][INFO] Namespace(n_epochs=200, batch_size=100, gen_lr=0.0002, reg_lr=0.0001, latent_dim=8, img_size=28, channels=1, std=5, load=False)
[2021-08-24 12:40:27,770][train.py][line:182][INFO] [Epoch 0/200] [Batch 589/590] [D loss: 1.285211] [G loss: 0.926232] [recon loss: 0.209729]
[2021-08-24 12:40:27,827][train.py][line:189][INFO] images0 saved in ./images/images0.png
[2021-08-24 12:41:12,912][train.py][line:182][INFO] [Epoch 1/200] [Batch 589/590] [D loss: 1.178496] [G loss: 0.915935] [recon loss: 0.168631]
[2021-08-24 12:41:57,986][train.py][line:182][INFO] [Epoch 2/200] [Batch 589/590] [D loss: 1.335570] [G loss: 0.805857] [recon loss: 0.148174]
[2021-08-24 12:42:42,576][train.py][line:182][INFO] [Epoch 3/200] [Batch 589/590] [D loss: 1.322970] [G loss: 0.775110] [recon loss: 0.141999]
[2021-08-24 12:43:26,354][train.py][line:182][INFO] [Epoch 4/200] [Batch 589/590] [D loss: 1.336389] [G loss: 0.730163] [recon loss: 0.146899]
[2021-08-24 12:44:10,741][train.py][line:182][INFO] [Epoch 5/200] [Batch 589/590] [D loss: 1.329277] [G loss: 0.753694] [recon loss: 0.134566]
[2021-08-24 12:44:56,468][train.py][line:182][INFO] [Epoch 6/200] [Batch 589/590] [D loss: 1.324750] [G loss: 0.753833] [recon loss: 0.146197]
[2021-08-24 12:45:40,385][train.py][line:182][INFO] [Epoch 7/200] [Batch 589/590] [D loss: 1.355822] [G loss: 0.762194] [recon loss: 0.134550]
[2021-08-24 12:46:24,760][train.py][line:182][INFO] [Epoch 8/200] [Batch 589/590] [D loss: 1.322599] [G loss: 0.752634] [recon loss: 0.137939]
[2021-08-24 12:47:08,881][train.py][line:182][INFO] [Epoch 9/200] [Batch 589/590] [D loss: 1.296775] [G loss: 0.768533] [recon loss: 0.130232]
[2021-08-24 12:47:52,921][train.py][line:182][INFO] [Epoch 10/200] [Batch 589/590] [D loss: 1.345390] [G loss: 0.860250] [recon loss: 0.130716]
[2021-08-24 12:47:52,961][train.py][line:189][INFO] images10 saved in ./images/images10.png
[2021-08-24 12:48:36,346][train.py][line:182][INFO] [Epoch 11/200] [Batch 589/590] [D loss: 1.315403] [G loss: 0.819689] [recon loss: 0.125731]
[2021-08-24 12:49:19,200][train.py][line:182][INFO] [Epoch 12/200] [Batch 589/590] [D loss: 1.259961] [G loss: 0.783688] [recon loss: 0.118926]
[2021-08-24 12:50:04,295][train.py][line:182][INFO] [Epoch 13/200] [Batch 589/590] [D loss: 1.402612] [G loss: 0.860732] [recon loss: 0.125497]
[2021-08-24 12:50:50,365][train.py][line:182][INFO] [Epoch 14/200] [Batch 589/590] [D loss: 1.359627] [G loss: 0.813367] [recon loss: 0.121664]
[2021-08-24 12:51:35,018][train.py][line:182][INFO] [Epoch 15/200] [Batch 589/590] [D loss: 1.379880] [G loss: 0.801671] [recon loss: 0.124121]
[2021-08-24 12:52:20,278][train.py][line:182][INFO] [Epoch 16/200] [Batch 589/590] [D loss: 1.236519] [G loss: 0.894416] [recon loss: 0.124860]
[2021-08-24 12:53:03,269][train.py][line:182][INFO] [Epoch 17/200] [Batch 589/590] [D loss: 1.229385] [G loss: 0.829498] [recon loss: 0.124269]
[2021-08-24 12:53:45,861][train.py][line:182][INFO] [Epoch 18/200] [Batch 589/590] [D loss: 1.345482] [G loss: 0.815233] [recon loss: 0.122547]
[2021-08-24 12:54:29,237][train.py][line:182][INFO] [Epoch 19/200] [Batch 589/590] [D loss: 1.307012] [G loss: 0.952820] [recon loss: 0.118801]
[2021-08-24 12:55:12,774][train.py][line:182][INFO] [Epoch 20/200] [Batch 589/590] [D loss: 1.311416] [G loss: 0.901573] [recon loss: 0.129617]
[2021-08-24 12:55:12,819][train.py][line:189][INFO] images20 saved in ./images/images20.png
[2021-08-24 12:55:55,270][train.py][line:182][INFO] [Epoch 21/200] [Batch 589/590] [D loss: 1.300251] [G loss: 1.003400] [recon loss: 0.119913]
[2021-08-24 12:56:37,956][train.py][line:182][INFO] [Epoch 22/200] [Batch 589/590] [D loss: 1.267689] [G loss: 0.904922] [recon loss: 0.124014]
[2021-08-24 12:57:20,456][train.py][line:182][INFO] [Epoch 23/200] [Batch 589/590] [D loss: 1.311285] [G loss: 0.911008] [recon loss: 0.124803]
[2021-08-24 12:58:03,407][train.py][line:182][INFO] [Epoch 24/200] [Batch 589/590] [D loss: 1.192896] [G loss: 0.970829] [recon loss: 0.125360]
[2021-08-24 12:58:45,275][train.py][line:182][INFO] [Epoch 25/200] [Batch 589/590] [D loss: 1.387282] [G loss: 0.954904] [recon loss: 0.121246]
[2021-08-24 12:59:28,326][train.py][line:182][INFO] [Epoch 26/200] [Batch 589/590] [D loss: 1.248877] [G loss: 0.908781] [recon loss: 0.131723]
[2021-08-24 13:00:10,656][train.py][line:182][INFO] [Epoch 27/200] [Batch 589/590] [D loss: 1.214125] [G loss: 0.965128] [recon loss: 0.115253]
[2021-08-24 13:00:55,091][train.py][line:182][INFO] [Epoch 28/200] [Batch 589/590] [D loss: 1.287913] [G loss: 1.043308] [recon loss: 0.120648]
[2021-08-24 13:01:37,411][train.py][line:182][INFO] [Epoch 29/200] [Batch 589/590] [D loss: 1.303804] [G loss: 0.765002] [recon loss: 0.128451]
[2021-08-24 13:02:19,741][train.py][line:182][INFO] [Epoch 30/200] [Batch 589/590] [D loss: 1.245907] [G loss: 1.022988] [recon loss: 0.120321]
[2021-08-24 13:02:19,778][train.py][line:189][INFO] images30 saved in ./images/images30.png
[2021-08-24 13:03:03,690][train.py][line:182][INFO] [Epoch 31/200] [Batch 589/590] [D loss: 1.225346] [G loss: 0.900100] [recon loss: 0.125318]
[2021-08-24 13:03:46,456][train.py][line:182][INFO] [Epoch 32/200] [Batch 589/590] [D loss: 1.198227] [G loss: 0.885490] [recon loss: 0.124034]
[2021-08-24 13:04:29,596][train.py][line:182][INFO] [Epoch 33/200] [Batch 589/590] [D loss: 1.262788] [G loss: 1.039999] [recon loss: 0.129262]
[2021-08-24 13:05:13,248][train.py][line:182][INFO] [Epoch 34/200] [Batch 589/590] [D loss: 1.256276] [G loss: 1.075475] [recon loss: 0.120309]
[2021-08-24 13:05:56,023][train.py][line:182][INFO] [Epoch 35/200] [Batch 589/590] [D loss: 1.156773] [G loss: 0.927724] [recon loss: 0.118974]
[2021-08-24 13:06:38,989][train.py][line:182][INFO] [Epoch 36/200] [Batch 589/590] [D loss: 1.165531] [G loss: 0.972148] [recon loss: 0.121833]
[2021-08-24 13:07:21,804][train.py][line:182][INFO] [Epoch 37/200] [Batch 589/590] [D loss: 1.292750] [G loss: 0.894426] [recon loss: 0.119787]
[2021-08-24 13:08:06,391][train.py][line:182][INFO] [Epoch 38/200] [Batch 589/590] [D loss: 1.319543] [G loss: 0.788547] [recon loss: 0.121101]
[2021-08-24 13:08:50,194][train.py][line:182][INFO] [Epoch 39/200] [Batch 589/590] [D loss: 1.293835] [G loss: 0.822149] [recon loss: 0.116387]
[2021-08-24 13:09:33,006][train.py][line:182][INFO] [Epoch 40/200] [Batch 589/590] [D loss: 1.306892] [G loss: 0.880793] [recon loss: 0.117734]
[2021-08-24 13:09:33,044][train.py][line:189][INFO] images40 saved in ./images/images40.png
[2021-08-24 13:10:15,344][train.py][line:182][INFO] [Epoch 41/200] [Batch 589/590] [D loss: 1.264736] [G loss: 0.798941] [recon loss: 0.126125]
[2021-08-24 13:10:57,940][train.py][line:182][INFO] [Epoch 42/200] [Batch 589/590] [D loss: 1.329142] [G loss: 0.791126] [recon loss: 0.122656]
[2021-08-24 13:11:42,056][train.py][line:182][INFO] [Epoch 43/200] [Batch 589/590] [D loss: 1.319202] [G loss: 0.776158] [recon loss: 0.116325]
[2021-08-24 13:12:25,088][train.py][line:182][INFO] [Epoch 44/200] [Batch 589/590] [D loss: 1.274127] [G loss: 0.873336] [recon loss: 0.120908]
[2021-08-24 13:13:07,332][train.py][line:182][INFO] [Epoch 45/200] [Batch 589/590] [D loss: 1.278677] [G loss: 0.816761] [recon loss: 0.123104]
[2021-08-24 13:13:49,981][train.py][line:182][INFO] [Epoch 46/200] [Batch 589/590] [D loss: 1.282237] [G loss: 0.892831] [recon loss: 0.117003]
[2021-08-24 13:14:33,296][train.py][line:182][INFO] [Epoch 47/200] [Batch 589/590] [D loss: 1.346339] [G loss: 0.771900] [recon loss: 0.119606]
[2021-08-24 13:15:16,081][train.py][line:182][INFO] [Epoch 48/200] [Batch 589/590] [D loss: 1.244157] [G loss: 0.786988] [recon loss: 0.122880]
[2021-08-24 13:16:00,338][train.py][line:182][INFO] [Epoch 49/200] [Batch 589/590] [D loss: 1.274054] [G loss: 0.879250] [recon loss: 0.116894]
[2021-08-24 13:16:00,342][train.py][line:192][INFO] model49 saved in ./model/model49.pkl
[2021-08-24 13:16:44,696][train.py][line:182][INFO] [Epoch 50/200] [Batch 589/590] [D loss: 1.267069] [G loss: 0.823440] [recon loss: 0.116163]
[2021-08-24 13:16:44,734][train.py][line:189][INFO] images50 saved in ./images/images50.png
[2021-08-24 13:17:26,831][train.py][line:182][INFO] [Epoch 51/200] [Batch 589/590] [D loss: 1.263224] [G loss: 0.835566] [recon loss: 0.126919]
[2021-08-24 13:18:09,543][train.py][line:182][INFO] [Epoch 52/200] [Batch 589/590] [D loss: 1.298742] [G loss: 0.987392] [recon loss: 0.117133]
[2021-08-24 13:18:52,209][train.py][line:182][INFO] [Epoch 53/200] [Batch 589/590] [D loss: 1.356945] [G loss: 0.866758] [recon loss: 0.121691]
[2021-08-24 13:19:35,041][train.py][line:182][INFO] [Epoch 54/200] [Batch 589/590] [D loss: 1.279065] [G loss: 0.811677] [recon loss: 0.114255]
[2021-08-24 13:20:17,674][train.py][line:182][INFO] [Epoch 55/200] [Batch 589/590] [D loss: 1.288790] [G loss: 0.873582] [recon loss: 0.118947]
[2021-08-24 13:21:00,368][train.py][line:182][INFO] [Epoch 56/200] [Batch 589/590] [D loss: 1.341153] [G loss: 0.932188] [recon loss: 0.117720]
[2021-08-24 13:21:42,194][train.py][line:182][INFO] [Epoch 57/200] [Batch 589/590] [D loss: 1.248119] [G loss: 0.881086] [recon loss: 0.126461]
[2021-08-24 13:22:23,927][train.py][line:182][INFO] [Epoch 58/200] [Batch 589/590] [D loss: 1.277720] [G loss: 1.006958] [recon loss: 0.116060]
[2021-08-24 13:23:07,729][train.py][line:182][INFO] [Epoch 59/200] [Batch 589/590] [D loss: 1.284299] [G loss: 0.852733] [recon loss: 0.116248]
[2021-08-24 13:23:49,331][train.py][line:182][INFO] [Epoch 60/200] [Batch 589/590] [D loss: 1.239302] [G loss: 0.832099] [recon loss: 0.122730]
[2021-08-24 13:23:49,367][train.py][line:189][INFO] images60 saved in ./images/images60.png
[2021-08-24 13:24:31,565][train.py][line:182][INFO] [Epoch 61/200] [Batch 589/590] [D loss: 1.327978] [G loss: 0.768226] [recon loss: 0.118307]
[2021-08-24 13:25:14,018][train.py][line:182][INFO] [Epoch 62/200] [Batch 589/590] [D loss: 1.305483] [G loss: 0.892672] [recon loss: 0.122598]
[2021-08-24 13:25:59,046][train.py][line:182][INFO] [Epoch 63/200] [Batch 589/590] [D loss: 1.265871] [G loss: 0.985449] [recon loss: 0.112687]
[2021-08-24 13:26:42,765][train.py][line:182][INFO] [Epoch 64/200] [Batch 589/590] [D loss: 1.272256] [G loss: 1.014446] [recon loss: 0.120697]
[2021-08-24 13:27:28,282][train.py][line:182][INFO] [Epoch 65/200] [Batch 589/590] [D loss: 1.255144] [G loss: 0.888575] [recon loss: 0.124368]
[2021-08-24 13:28:10,356][train.py][line:182][INFO] [Epoch 66/200] [Batch 589/590] [D loss: 1.239776] [G loss: 0.920071] [recon loss: 0.120531]
[2021-08-24 13:28:53,975][train.py][line:182][INFO] [Epoch 67/200] [Batch 589/590] [D loss: 1.247468] [G loss: 0.898157] [recon loss: 0.111453]
[2021-08-24 13:29:36,230][train.py][line:182][INFO] [Epoch 68/200] [Batch 589/590] [D loss: 1.245152] [G loss: 0.998652] [recon loss: 0.121331]
[2021-08-24 13:30:18,616][train.py][line:182][INFO] [Epoch 69/200] [Batch 589/590] [D loss: 1.222167] [G loss: 0.973964] [recon loss: 0.117864]
[2021-08-24 13:31:00,955][train.py][line:182][INFO] [Epoch 70/200] [Batch 589/590] [D loss: 1.198266] [G loss: 0.989964] [recon loss: 0.116724]
[2021-08-24 13:31:00,993][train.py][line:189][INFO] images70 saved in ./images/images70.png
[2021-08-24 13:31:45,010][train.py][line:182][INFO] [Epoch 71/200] [Batch 589/590] [D loss: 1.230849] [G loss: 1.092739] [recon loss: 0.113938]
[2021-08-24 13:32:27,676][train.py][line:182][INFO] [Epoch 72/200] [Batch 589/590] [D loss: 1.282536] [G loss: 0.827565] [recon loss: 0.124828]
[2021-08-24 13:33:12,254][train.py][line:182][INFO] [Epoch 73/200] [Batch 589/590] [D loss: 1.279237] [G loss: 0.885795] [recon loss: 0.122482]
[2021-08-24 13:33:54,478][train.py][line:182][INFO] [Epoch 74/200] [Batch 589/590] [D loss: 1.317349] [G loss: 0.893376] [recon loss: 0.124448]
[2021-08-24 13:34:37,183][train.py][line:182][INFO] [Epoch 75/200] [Batch 589/590] [D loss: 1.235199] [G loss: 1.045954] [recon loss: 0.113372]
[2021-08-24 13:35:19,632][train.py][line:182][INFO] [Epoch 76/200] [Batch 589/590] [D loss: 1.293977] [G loss: 0.910369] [recon loss: 0.124362]
[2021-08-24 13:36:02,248][train.py][line:182][INFO] [Epoch 77/200] [Batch 589/590] [D loss: 1.305839] [G loss: 0.736925] [recon loss: 0.122015]
[2021-08-24 13:36:44,919][train.py][line:182][INFO] [Epoch 78/200] [Batch 589/590] [D loss: 1.280905] [G loss: 0.997358] [recon loss: 0.120057]
[2021-08-24 13:37:27,940][train.py][line:182][INFO] [Epoch 79/200] [Batch 589/590] [D loss: 1.246528] [G loss: 0.902437] [recon loss: 0.125284]
[2021-08-24 13:38:11,559][train.py][line:182][INFO] [Epoch 80/200] [Batch 589/590] [D loss: 1.190315] [G loss: 1.447211] [recon loss: 0.113517]
[2021-08-24 13:38:11,597][train.py][line:189][INFO] images80 saved in ./images/images80.png
[2021-08-24 13:38:53,556][train.py][line:182][INFO] [Epoch 81/200] [Batch 589/590] [D loss: 1.289248] [G loss: 1.504245] [recon loss: 0.118185]
[2021-08-24 13:39:35,119][train.py][line:182][INFO] [Epoch 82/200] [Batch 589/590] [D loss: 1.240006] [G loss: 1.058949] [recon loss: 0.110111]
[2021-08-24 13:40:17,012][train.py][line:182][INFO] [Epoch 83/200] [Batch 589/590] [D loss: 1.240268] [G loss: 1.012444] [recon loss: 0.124352]
[2021-08-24 13:40:59,674][train.py][line:182][INFO] [Epoch 84/200] [Batch 589/590] [D loss: 1.218652] [G loss: 1.398491] [recon loss: 0.120907]
[2021-08-24 13:41:44,120][train.py][line:182][INFO] [Epoch 85/200] [Batch 589/590] [D loss: 1.316407] [G loss: 1.051072] [recon loss: 0.121966]
[2021-08-24 13:42:25,585][train.py][line:182][INFO] [Epoch 86/200] [Batch 589/590] [D loss: 1.254887] [G loss: 1.411521] [recon loss: 0.119679]
[2021-08-24 13:43:07,695][train.py][line:182][INFO] [Epoch 87/200] [Batch 589/590] [D loss: 1.188434] [G loss: 1.510597] [recon loss: 0.114198]
[2021-08-24 13:43:49,564][train.py][line:182][INFO] [Epoch 88/200] [Batch 589/590] [D loss: 1.307164] [G loss: 1.424166] [recon loss: 0.122871]
[2021-08-24 13:44:33,913][train.py][line:182][INFO] [Epoch 89/200] [Batch 589/590] [D loss: 1.224976] [G loss: 1.482589] [recon loss: 0.118589]
[2021-08-24 13:45:17,134][train.py][line:182][INFO] [Epoch 90/200] [Batch 589/590] [D loss: 1.288760] [G loss: 1.126505] [recon loss: 0.118979]
[2021-08-24 13:45:17,177][train.py][line:189][INFO] images90 saved in ./images/images90.png
[2021-08-24 13:45:59,517][train.py][line:182][INFO] [Epoch 91/200] [Batch 589/590] [D loss: 1.289912] [G loss: 1.032317] [recon loss: 0.116351]
[2021-08-24 13:46:43,275][train.py][line:182][INFO] [Epoch 92/200] [Batch 589/590] [D loss: 1.295707] [G loss: 1.177612] [recon loss: 0.119671]
[2021-08-24 13:47:28,171][train.py][line:182][INFO] [Epoch 93/200] [Batch 589/590] [D loss: 1.300848] [G loss: 1.083845] [recon loss: 0.120678]
[2021-08-24 13:48:12,524][train.py][line:182][INFO] [Epoch 94/200] [Batch 589/590] [D loss: 1.264110] [G loss: 1.007795] [recon loss: 0.116768]
[2021-08-24 13:48:55,791][train.py][line:182][INFO] [Epoch 95/200] [Batch 589/590] [D loss: 1.260659] [G loss: 1.381869] [recon loss: 0.115874]
[2021-08-24 13:49:40,871][train.py][line:182][INFO] [Epoch 96/200] [Batch 589/590] [D loss: 1.228394] [G loss: 1.236008] [recon loss: 0.118232]
[2021-08-24 13:50:23,003][train.py][line:182][INFO] [Epoch 97/200] [Batch 589/590] [D loss: 1.229363] [G loss: 1.496533] [recon loss: 0.117175]
[2021-08-24 13:51:05,220][train.py][line:182][INFO] [Epoch 98/200] [Batch 589/590] [D loss: 1.226873] [G loss: 1.501818] [recon loss: 0.119451]
[2021-08-24 13:51:47,806][train.py][line:182][INFO] [Epoch 99/200] [Batch 589/590] [D loss: 1.199606] [G loss: 1.133892] [recon loss: 0.123036]
[2021-08-24 13:51:47,810][train.py][line:192][INFO] model99 saved in ./model/model99.pkl
[2021-08-24 13:52:29,372][train.py][line:182][INFO] [Epoch 100/200] [Batch 589/590] [D loss: 1.212949] [G loss: 1.060128] [recon loss: 0.126271]
[2021-08-24 13:52:29,409][train.py][line:189][INFO] images100 saved in ./images/images100.png
[2021-08-24 13:53:12,800][train.py][line:182][INFO] [Epoch 101/200] [Batch 589/590] [D loss: 1.225258] [G loss: 1.374496] [recon loss: 0.121110]
[2021-08-24 13:53:55,727][train.py][line:182][INFO] [Epoch 102/200] [Batch 589/590] [D loss: 1.299780] [G loss: 1.432364] [recon loss: 0.123264]
[2021-08-24 13:54:37,891][train.py][line:182][INFO] [Epoch 103/200] [Batch 589/590] [D loss: 1.197834] [G loss: 1.760238] [recon loss: 0.121250]
[2021-08-24 13:55:19,962][train.py][line:182][INFO] [Epoch 104/200] [Batch 589/590] [D loss: 1.309660] [G loss: 0.785030] [recon loss: 0.118740]
[2021-08-24 13:56:03,680][train.py][line:182][INFO] [Epoch 105/200] [Batch 589/590] [D loss: 1.229108] [G loss: 0.976640] [recon loss: 0.124691]
[2021-08-24 13:56:47,094][train.py][line:182][INFO] [Epoch 106/200] [Batch 589/590] [D loss: 1.289289] [G loss: 1.026846] [recon loss: 0.126376]
[2021-08-24 13:57:31,811][train.py][line:182][INFO] [Epoch 107/200] [Batch 589/590] [D loss: 1.262511] [G loss: 1.009582] [recon loss: 0.116959]
[2021-08-24 13:58:16,408][train.py][line:182][INFO] [Epoch 108/200] [Batch 589/590] [D loss: 1.354832] [G loss: 0.914118] [recon loss: 0.121052]
[2021-08-24 13:58:58,765][train.py][line:182][INFO] [Epoch 109/200] [Batch 589/590] [D loss: 1.283462] [G loss: 1.359114] [recon loss: 0.114255]
[2021-08-24 13:59:41,050][train.py][line:182][INFO] [Epoch 110/200] [Batch 589/590] [D loss: 1.254351] [G loss: 0.807942] [recon loss: 0.127640]
[2021-08-24 13:59:41,088][train.py][line:189][INFO] images110 saved in ./images/images110.png
[2021-08-24 14:00:22,889][train.py][line:182][INFO] [Epoch 111/200] [Batch 589/590] [D loss: 1.217077] [G loss: 0.845345] [recon loss: 0.114396]
[2021-08-24 14:01:06,165][train.py][line:182][INFO] [Epoch 112/200] [Batch 589/590] [D loss: 1.157899] [G loss: 1.314744] [recon loss: 0.111577]
[2021-08-24 14:01:48,933][train.py][line:182][INFO] [Epoch 113/200] [Batch 589/590] [D loss: 1.205988] [G loss: 1.084685] [recon loss: 0.120320]
[2021-08-24 14:02:31,385][train.py][line:182][INFO] [Epoch 114/200] [Batch 589/590] [D loss: 1.219851] [G loss: 1.371466] [recon loss: 0.114545]
[2021-08-24 14:03:15,710][train.py][line:182][INFO] [Epoch 115/200] [Batch 589/590] [D loss: 1.175210] [G loss: 1.115180] [recon loss: 0.121641]
[2021-08-24 14:03:57,683][train.py][line:182][INFO] [Epoch 116/200] [Batch 589/590] [D loss: 1.301107] [G loss: 0.808347] [recon loss: 0.124842]
[2021-08-24 14:04:39,280][train.py][line:182][INFO] [Epoch 117/200] [Batch 589/590] [D loss: 1.337769] [G loss: 1.198371] [recon loss: 0.117100]
[2021-08-24 14:05:21,076][train.py][line:182][INFO] [Epoch 118/200] [Batch 589/590] [D loss: 1.232230] [G loss: 0.989406] [recon loss: 0.124164]
[2021-08-24 14:06:04,004][train.py][line:182][INFO] [Epoch 119/200] [Batch 589/590] [D loss: 1.221721] [G loss: 1.040752] [recon loss: 0.116194]
[2021-08-24 14:06:47,444][train.py][line:182][INFO] [Epoch 120/200] [Batch 589/590] [D loss: 1.246561] [G loss: 1.209690] [recon loss: 0.111982]
[2021-08-24 14:06:47,485][train.py][line:189][INFO] images120 saved in ./images/images120.png
[2021-08-24 14:07:31,978][train.py][line:182][INFO] [Epoch 121/200] [Batch 589/590] [D loss: 1.237839] [G loss: 1.106084] [recon loss: 0.118373]
[2021-08-24 14:08:14,196][train.py][line:182][INFO] [Epoch 122/200] [Batch 589/590] [D loss: 1.290217] [G loss: 0.895109] [recon loss: 0.120798]
[2021-08-24 14:08:58,211][train.py][line:182][INFO] [Epoch 123/200] [Batch 589/590] [D loss: 1.283353] [G loss: 0.974000] [recon loss: 0.123608]
[2021-08-24 14:09:39,859][train.py][line:182][INFO] [Epoch 124/200] [Batch 589/590] [D loss: 1.317193] [G loss: 1.079651] [recon loss: 0.111560]
[2021-08-24 14:10:23,611][train.py][line:182][INFO] [Epoch 125/200] [Batch 589/590] [D loss: 1.264718] [G loss: 0.859853] [recon loss: 0.117201]
[2021-08-24 14:11:05,859][train.py][line:182][INFO] [Epoch 126/200] [Batch 589/590] [D loss: 1.281649] [G loss: 0.905258] [recon loss: 0.119393]
[2021-08-24 14:11:43,318][train.py][line:182][INFO] [Epoch 127/200] [Batch 589/590] [D loss: 1.371085] [G loss: 0.880698] [recon loss: 0.122871]
[2021-08-24 14:12:27,697][train.py][line:182][INFO] [Epoch 128/200] [Batch 589/590] [D loss: 1.252820] [G loss: 1.038523] [recon loss: 0.119376]
[2021-08-24 14:13:11,700][train.py][line:182][INFO] [Epoch 129/200] [Batch 589/590] [D loss: 1.245997] [G loss: 1.172116] [recon loss: 0.114571]
[2021-08-24 14:13:55,994][train.py][line:182][INFO] [Epoch 130/200] [Batch 589/590] [D loss: 1.232437] [G loss: 0.997432] [recon loss: 0.117132]
[2021-08-24 14:13:56,033][train.py][line:189][INFO] images130 saved in ./images/images130.png
[2021-08-24 14:14:38,619][train.py][line:182][INFO] [Epoch 131/200] [Batch 589/590] [D loss: 1.261423] [G loss: 1.182176] [recon loss: 0.112097]
[2021-08-24 14:15:21,048][train.py][line:182][INFO] [Epoch 132/200] [Batch 589/590] [D loss: 1.292423] [G loss: 1.010780] [recon loss: 0.120941]
[2021-08-24 14:16:03,746][train.py][line:182][INFO] [Epoch 133/200] [Batch 589/590] [D loss: 1.242150] [G loss: 1.063351] [recon loss: 0.116803]
[2021-08-24 14:16:46,426][train.py][line:182][INFO] [Epoch 134/200] [Batch 589/590] [D loss: 1.263688] [G loss: 1.103709] [recon loss: 0.124648]
[2021-08-24 14:17:29,666][train.py][line:182][INFO] [Epoch 135/200] [Batch 589/590] [D loss: 1.234643] [G loss: 1.011658] [recon loss: 0.120796]
[2021-08-24 14:18:12,324][train.py][line:182][INFO] [Epoch 136/200] [Batch 589/590] [D loss: 1.299796] [G loss: 0.861982] [recon loss: 0.114695]
[2021-08-24 14:18:54,256][train.py][line:182][INFO] [Epoch 137/200] [Batch 589/590] [D loss: 1.278071] [G loss: 1.056831] [recon loss: 0.116842]
[2021-08-24 14:19:37,055][train.py][line:182][INFO] [Epoch 138/200] [Batch 589/590] [D loss: 1.239414] [G loss: 0.876258] [recon loss: 0.109181]
[2021-08-24 14:20:18,775][train.py][line:182][INFO] [Epoch 139/200] [Batch 589/590] [D loss: 1.311775] [G loss: 0.861111] [recon loss: 0.116760]
[2021-08-24 14:21:02,423][train.py][line:182][INFO] [Epoch 140/200] [Batch 589/590] [D loss: 1.222143] [G loss: 1.029790] [recon loss: 0.108880]
[2021-08-24 14:21:02,467][train.py][line:189][INFO] images140 saved in ./images/images140.png
[2021-08-24 14:21:43,339][train.py][line:182][INFO] [Epoch 141/200] [Batch 589/590] [D loss: 1.270282] [G loss: 0.864135] [recon loss: 0.115728]
[2021-08-24 14:22:25,300][train.py][line:182][INFO] [Epoch 142/200] [Batch 589/590] [D loss: 1.297015] [G loss: 0.818379] [recon loss: 0.113741]
[2021-08-24 14:23:07,854][train.py][line:182][INFO] [Epoch 143/200] [Batch 589/590] [D loss: 1.305256] [G loss: 0.955797] [recon loss: 0.111775]
[2021-08-24 14:23:50,070][train.py][line:182][INFO] [Epoch 144/200] [Batch 589/590] [D loss: 1.257019] [G loss: 0.899612] [recon loss: 0.112140]
[2021-08-24 14:24:32,215][train.py][line:182][INFO] [Epoch 145/200] [Batch 589/590] [D loss: 1.304952] [G loss: 0.975359] [recon loss: 0.116154]
[2021-08-24 14:25:15,112][train.py][line:182][INFO] [Epoch 146/200] [Batch 589/590] [D loss: 1.270052] [G loss: 1.014086] [recon loss: 0.113074]
[2021-08-24 14:25:56,966][train.py][line:182][INFO] [Epoch 147/200] [Batch 589/590] [D loss: 1.327949] [G loss: 1.004401] [recon loss: 0.115143]
[2021-08-24 14:26:39,154][train.py][line:182][INFO] [Epoch 148/200] [Batch 589/590] [D loss: 1.238228] [G loss: 1.074175] [recon loss: 0.121371]
[2021-08-24 14:27:22,479][train.py][line:182][INFO] [Epoch 149/200] [Batch 589/590] [D loss: 1.347544] [G loss: 0.877615] [recon loss: 0.114895]
[2021-08-24 14:27:22,484][train.py][line:192][INFO] model149 saved in ./model/model149.pkl
[2021-08-24 14:28:06,438][train.py][line:182][INFO] [Epoch 150/200] [Batch 589/590] [D loss: 1.229074] [G loss: 1.069632] [recon loss: 0.118049]
[2021-08-24 14:28:06,477][train.py][line:189][INFO] images150 saved in ./images/images150.png
[2021-08-24 14:28:49,701][train.py][line:182][INFO] [Epoch 151/200] [Batch 589/590] [D loss: 1.236322] [G loss: 0.858588] [recon loss: 0.112023]
[2021-08-24 14:29:32,565][train.py][line:182][INFO] [Epoch 152/200] [Batch 589/590] [D loss: 1.321722] [G loss: 0.937480] [recon loss: 0.116967]
[2021-08-24 14:30:16,260][train.py][line:182][INFO] [Epoch 153/200] [Batch 589/590] [D loss: 1.246650] [G loss: 0.972398] [recon loss: 0.115652]
[2021-08-24 14:31:00,768][train.py][line:182][INFO] [Epoch 154/200] [Batch 589/590] [D loss: 1.267613] [G loss: 1.167934] [recon loss: 0.115376]
[2021-08-24 14:31:43,369][train.py][line:182][INFO] [Epoch 155/200] [Batch 589/590] [D loss: 1.335124] [G loss: 1.005413] [recon loss: 0.117904]
[2021-08-24 14:32:26,416][train.py][line:182][INFO] [Epoch 156/200] [Batch 589/590] [D loss: 1.190780] [G loss: 1.063100] [recon loss: 0.115661]
[2021-08-24 14:33:11,531][train.py][line:182][INFO] [Epoch 157/200] [Batch 589/590] [D loss: 1.318972] [G loss: 0.876184] [recon loss: 0.115374]
[2021-08-24 14:33:53,350][train.py][line:182][INFO] [Epoch 158/200] [Batch 589/590] [D loss: 1.197461] [G loss: 1.038110] [recon loss: 0.116952]
[2021-08-24 14:34:36,360][train.py][line:182][INFO] [Epoch 159/200] [Batch 589/590] [D loss: 1.233067] [G loss: 0.998157] [recon loss: 0.121735]
[2021-08-24 14:35:18,871][train.py][line:182][INFO] [Epoch 160/200] [Batch 589/590] [D loss: 1.321576] [G loss: 1.000356] [recon loss: 0.118882]
[2021-08-24 14:35:18,908][train.py][line:189][INFO] images160 saved in ./images/images160.png
[2021-08-24 14:36:01,714][train.py][line:182][INFO] [Epoch 161/200] [Batch 589/590] [D loss: 1.314714] [G loss: 0.909146] [recon loss: 0.113455]
[2021-08-24 14:36:45,742][train.py][line:182][INFO] [Epoch 162/200] [Batch 589/590] [D loss: 1.158509] [G loss: 0.979524] [recon loss: 0.112297]
[2021-08-24 14:37:30,673][train.py][line:182][INFO] [Epoch 163/200] [Batch 589/590] [D loss: 1.226567] [G loss: 1.228766] [recon loss: 0.115781]
[2021-08-24 14:38:13,275][train.py][line:182][INFO] [Epoch 164/200] [Batch 589/590] [D loss: 1.264370] [G loss: 0.990911] [recon loss: 0.110785]
[2021-08-24 14:38:55,099][train.py][line:182][INFO] [Epoch 165/200] [Batch 589/590] [D loss: 1.264938] [G loss: 0.999664] [recon loss: 0.122074]
[2021-08-24 14:39:37,176][train.py][line:182][INFO] [Epoch 166/200] [Batch 589/590] [D loss: 1.317597] [G loss: 0.930384] [recon loss: 0.121403]
[2021-08-24 14:40:20,864][train.py][line:182][INFO] [Epoch 167/200] [Batch 589/590] [D loss: 1.279147] [G loss: 0.769874] [recon loss: 0.120558]
[2021-08-24 14:41:03,657][train.py][line:182][INFO] [Epoch 168/200] [Batch 589/590] [D loss: 1.197608] [G loss: 1.034407] [recon loss: 0.124492]
[2021-08-24 14:41:46,911][train.py][line:182][INFO] [Epoch 169/200] [Batch 589/590] [D loss: 1.237059] [G loss: 0.821699] [recon loss: 0.126358]
[2021-08-24 14:42:30,903][train.py][line:182][INFO] [Epoch 170/200] [Batch 589/590] [D loss: 1.273542] [G loss: 0.935202] [recon loss: 0.107909]
[2021-08-24 14:42:30,944][train.py][line:189][INFO] images170 saved in ./images/images170.png
[2021-08-24 14:43:13,921][train.py][line:182][INFO] [Epoch 171/200] [Batch 589/590] [D loss: 1.315389] [G loss: 1.084779] [recon loss: 0.107974]
[2021-08-24 14:43:54,329][train.py][line:182][INFO] [Epoch 172/200] [Batch 589/590] [D loss: 1.221815] [G loss: 1.172260] [recon loss: 0.110124]
[2021-08-24 14:44:37,905][train.py][line:182][INFO] [Epoch 173/200] [Batch 589/590] [D loss: 1.254199] [G loss: 0.849997] [recon loss: 0.109244]
[2021-08-24 14:45:22,167][train.py][line:182][INFO] [Epoch 174/200] [Batch 589/590] [D loss: 1.199999] [G loss: 0.833136] [recon loss: 0.117980]
[2021-08-24 14:46:04,475][train.py][line:182][INFO] [Epoch 175/200] [Batch 589/590] [D loss: 1.292674] [G loss: 0.914380] [recon loss: 0.113497]
[2021-08-24 14:46:48,369][train.py][line:182][INFO] [Epoch 176/200] [Batch 589/590] [D loss: 1.276424] [G loss: 0.942730] [recon loss: 0.112617]
[2021-08-24 14:47:31,146][train.py][line:182][INFO] [Epoch 177/200] [Batch 589/590] [D loss: 1.260156] [G loss: 1.012278] [recon loss: 0.114903]
[2021-08-24 14:48:14,039][train.py][line:182][INFO] [Epoch 178/200] [Batch 589/590] [D loss: 1.288278] [G loss: 0.856890] [recon loss: 0.113731]
[2021-08-24 14:48:58,350][train.py][line:182][INFO] [Epoch 179/200] [Batch 589/590] [D loss: 1.285606] [G loss: 0.866157] [recon loss: 0.114416]
[2021-08-24 14:49:40,732][train.py][line:182][INFO] [Epoch 180/200] [Batch 589/590] [D loss: 1.295265] [G loss: 1.201492] [recon loss: 0.117450]
[2021-08-24 14:49:40,769][train.py][line:189][INFO] images180 saved in ./images/images180.png
[2021-08-24 14:50:24,827][train.py][line:182][INFO] [Epoch 181/200] [Batch 589/590] [D loss: 1.153646] [G loss: 1.032200] [recon loss: 0.117270]
[2021-08-24 14:51:06,974][train.py][line:182][INFO] [Epoch 182/200] [Batch 589/590] [D loss: 1.234614] [G loss: 1.072910] [recon loss: 0.120107]
[2021-08-24 14:51:49,131][train.py][line:182][INFO] [Epoch 183/200] [Batch 589/590] [D loss: 1.224931] [G loss: 0.960256] [recon loss: 0.119439]
[2021-08-24 14:52:33,410][train.py][line:182][INFO] [Epoch 184/200] [Batch 589/590] [D loss: 1.286392] [G loss: 0.731261] [recon loss: 0.120309]
[2021-08-24 14:53:15,631][train.py][line:182][INFO] [Epoch 185/200] [Batch 589/590] [D loss: 1.258098] [G loss: 0.994919] [recon loss: 0.119352]
[2021-08-24 14:53:57,504][train.py][line:182][INFO] [Epoch 186/200] [Batch 589/590] [D loss: 1.227913] [G loss: 1.026723] [recon loss: 0.115691]
[2021-08-24 14:54:39,289][train.py][line:182][INFO] [Epoch 187/200] [Batch 589/590] [D loss: 1.222868] [G loss: 1.124845] [recon loss: 0.121127]
[2021-08-24 14:55:22,376][train.py][line:182][INFO] [Epoch 188/200] [Batch 589/590] [D loss: 1.342322] [G loss: 0.882631] [recon loss: 0.110888]
[2021-08-24 14:56:04,281][train.py][line:182][INFO] [Epoch 189/200] [Batch 589/590] [D loss: 1.337586] [G loss: 0.997998] [recon loss: 0.113353]
[2021-08-24 14:56:48,975][train.py][line:182][INFO] [Epoch 190/200] [Batch 589/590] [D loss: 1.226708] [G loss: 0.952191] [recon loss: 0.119443]
[2021-08-24 14:56:49,021][train.py][line:189][INFO] images190 saved in ./images/images190.png
[2021-08-24 14:57:31,005][train.py][line:182][INFO] [Epoch 191/200] [Batch 589/590] [D loss: 1.184940] [G loss: 0.931831] [recon loss: 0.125278]
[2021-08-24 14:58:12,998][train.py][line:182][INFO] [Epoch 192/200] [Batch 589/590] [D loss: 1.252538] [G loss: 0.934510] [recon loss: 0.115171]
[2021-08-24 14:58:55,961][train.py][line:182][INFO] [Epoch 193/200] [Batch 589/590] [D loss: 1.260915] [G loss: 1.085040] [recon loss: 0.116306]
[2021-08-24 14:59:38,234][train.py][line:182][INFO] [Epoch 194/200] [Batch 589/590] [D loss: 1.279555] [G loss: 1.105562] [recon loss: 0.111536]
[2021-08-24 15:00:21,924][train.py][line:182][INFO] [Epoch 195/200] [Batch 589/590] [D loss: 1.248412] [G loss: 0.951543] [recon loss: 0.122240]
[2021-08-24 15:01:05,779][train.py][line:182][INFO] [Epoch 196/200] [Batch 589/590] [D loss: 1.230147] [G loss: 0.986997] [recon loss: 0.111393]
[2021-08-24 15:01:50,089][train.py][line:182][INFO] [Epoch 197/200] [Batch 589/590] [D loss: 1.245682] [G loss: 1.024045] [recon loss: 0.119103]
[2021-08-24 15:02:32,247][train.py][line:182][INFO] [Epoch 198/200] [Batch 589/590] [D loss: 1.316066] [G loss: 0.994098] [recon loss: 0.112177]
[2021-08-24 15:03:15,101][train.py][line:182][INFO] [Epoch 199/200] [Batch 589/590] [D loss: 1.287699] [G loss: 1.171064] [recon loss: 0.116977]
[2021-08-24 15:03:15,106][train.py][line:192][INFO] model199 saved in ./model/model199.pkl
[2021-08-24 15:03:15,567][train.py][line:204][INFO] finish training
