[2021-09-22 21:04:17,682][train.py][line:62][INFO] Namespace(n_epochs=200, batch_size=100, gen_lr=0.0002, reg_lr=0.0001, load=False, N=1200, img_size=28, channels=1, latent_dim=8, std=5, N_train=59000, N_valid=1000, N_test=10000, N_gen=10000, batchsize=100, load_epoch=199, sigma=None)
[2021-09-22 21:04:48,115][train.py][line:174][INFO] [Epoch 0/200] [Batch 589/590] [D loss: 1.399173] [G loss: 0.836521] [recon loss: 0.201558]
[2021-09-22 21:04:48,154][train.py][line:181][INFO] images0 saved in ./images/images0.png
[2021-09-22 21:05:15,312][train.py][line:174][INFO] [Epoch 1/200] [Batch 589/590] [D loss: 1.831465] [G loss: 0.627008] [recon loss: 0.163741]
[2021-09-22 21:05:42,053][train.py][line:174][INFO] [Epoch 2/200] [Batch 589/590] [D loss: 1.316947] [G loss: 0.768483] [recon loss: 0.142238]
[2021-09-22 21:06:08,920][train.py][line:174][INFO] [Epoch 3/200] [Batch 589/590] [D loss: 1.289672] [G loss: 0.850634] [recon loss: 0.134360]
[2021-09-22 21:06:37,708][train.py][line:174][INFO] [Epoch 4/200] [Batch 589/590] [D loss: 1.282182] [G loss: 0.847750] [recon loss: 0.127112]
[2021-09-22 21:07:05,543][train.py][line:174][INFO] [Epoch 5/200] [Batch 589/590] [D loss: 1.316299] [G loss: 0.780264] [recon loss: 0.135277]
[2021-09-22 21:07:33,094][train.py][line:174][INFO] [Epoch 6/200] [Batch 589/590] [D loss: 1.369067] [G loss: 0.762891] [recon loss: 0.122738]
[2021-09-22 21:07:59,563][train.py][line:174][INFO] [Epoch 7/200] [Batch 589/590] [D loss: 1.320557] [G loss: 0.771770] [recon loss: 0.121166]
[2021-09-22 21:08:27,000][train.py][line:174][INFO] [Epoch 8/200] [Batch 589/590] [D loss: 1.331265] [G loss: 0.748458] [recon loss: 0.117741]
[2021-09-22 21:08:54,734][train.py][line:174][INFO] [Epoch 9/200] [Batch 589/590] [D loss: 1.346509] [G loss: 0.757863] [recon loss: 0.119938]
[2021-09-22 21:09:21,827][train.py][line:174][INFO] [Epoch 10/200] [Batch 589/590] [D loss: 1.276045] [G loss: 0.747643] [recon loss: 0.124625]
[2021-09-22 21:09:21,853][train.py][line:181][INFO] images10 saved in ./images/images10.png
[2021-09-22 21:09:50,231][train.py][line:174][INFO] [Epoch 11/200] [Batch 589/590] [D loss: 1.358724] [G loss: 0.720437] [recon loss: 0.121319]
[2021-09-22 21:10:18,017][train.py][line:174][INFO] [Epoch 12/200] [Batch 589/590] [D loss: 1.312911] [G loss: 0.752067] [recon loss: 0.117231]
[2021-09-22 21:10:45,504][train.py][line:174][INFO] [Epoch 13/200] [Batch 589/590] [D loss: 1.365860] [G loss: 0.731859] [recon loss: 0.119466]
[2021-09-22 21:11:13,060][train.py][line:174][INFO] [Epoch 14/200] [Batch 589/590] [D loss: 1.323359] [G loss: 0.746175] [recon loss: 0.124831]
[2021-09-22 21:11:41,533][train.py][line:174][INFO] [Epoch 15/200] [Batch 589/590] [D loss: 1.378131] [G loss: 0.726768] [recon loss: 0.124812]
[2021-09-22 21:12:09,687][train.py][line:174][INFO] [Epoch 16/200] [Batch 589/590] [D loss: 1.372373] [G loss: 0.732546] [recon loss: 0.116947]
[2021-09-22 21:12:37,271][train.py][line:174][INFO] [Epoch 17/200] [Batch 589/590] [D loss: 1.359193] [G loss: 0.763898] [recon loss: 0.119189]
[2021-09-22 21:13:05,244][train.py][line:174][INFO] [Epoch 18/200] [Batch 589/590] [D loss: 1.355303] [G loss: 0.746490] [recon loss: 0.118369]
[2021-09-22 21:13:33,056][train.py][line:174][INFO] [Epoch 19/200] [Batch 589/590] [D loss: 1.324067] [G loss: 0.717754] [recon loss: 0.115447]
[2021-09-22 21:14:00,995][train.py][line:174][INFO] [Epoch 20/200] [Batch 589/590] [D loss: 1.356210] [G loss: 0.746510] [recon loss: 0.118181]
[2021-09-22 21:14:01,022][train.py][line:181][INFO] images20 saved in ./images/images20.png
[2021-09-22 21:14:28,806][train.py][line:174][INFO] [Epoch 21/200] [Batch 589/590] [D loss: 1.318847] [G loss: 0.771523] [recon loss: 0.116101]
[2021-09-22 21:14:56,577][train.py][line:174][INFO] [Epoch 22/200] [Batch 589/590] [D loss: 1.395015] [G loss: 0.714725] [recon loss: 0.123028]
[2021-09-22 21:15:25,231][train.py][line:174][INFO] [Epoch 23/200] [Batch 589/590] [D loss: 1.357629] [G loss: 0.752874] [recon loss: 0.113796]
[2021-09-22 21:15:52,664][train.py][line:174][INFO] [Epoch 24/200] [Batch 589/590] [D loss: 1.338132] [G loss: 0.737886] [recon loss: 0.116757]
[2021-09-22 21:16:21,665][train.py][line:174][INFO] [Epoch 25/200] [Batch 589/590] [D loss: 1.335734] [G loss: 0.738351] [recon loss: 0.121291]
[2021-09-22 21:16:48,540][train.py][line:174][INFO] [Epoch 26/200] [Batch 589/590] [D loss: 1.367609] [G loss: 0.707426] [recon loss: 0.116901]
[2021-09-22 21:17:16,066][train.py][line:174][INFO] [Epoch 27/200] [Batch 589/590] [D loss: 1.305940] [G loss: 0.813127] [recon loss: 0.104461]
[2021-09-22 21:17:43,016][train.py][line:174][INFO] [Epoch 28/200] [Batch 589/590] [D loss: 1.318585] [G loss: 0.754393] [recon loss: 0.118176]
[2021-09-22 21:18:10,452][train.py][line:174][INFO] [Epoch 29/200] [Batch 589/590] [D loss: 1.299576] [G loss: 0.765492] [recon loss: 0.110059]
[2021-09-22 21:18:37,901][train.py][line:174][INFO] [Epoch 30/200] [Batch 589/590] [D loss: 1.305178] [G loss: 0.760560] [recon loss: 0.112879]
[2021-09-22 21:18:37,926][train.py][line:181][INFO] images30 saved in ./images/images30.png
[2021-09-22 21:19:04,940][train.py][line:174][INFO] [Epoch 31/200] [Batch 589/590] [D loss: 1.362728] [G loss: 0.764568] [recon loss: 0.120999]
[2021-09-22 21:19:32,200][train.py][line:174][INFO] [Epoch 32/200] [Batch 589/590] [D loss: 1.378887] [G loss: 0.704441] [recon loss: 0.117612]
[2021-09-22 21:19:58,575][train.py][line:174][INFO] [Epoch 33/200] [Batch 589/590] [D loss: 1.304160] [G loss: 0.777962] [recon loss: 0.116848]
[2021-09-22 21:20:25,672][train.py][line:174][INFO] [Epoch 34/200] [Batch 589/590] [D loss: 1.329906] [G loss: 0.786303] [recon loss: 0.119257]
[2021-09-22 21:20:52,724][train.py][line:174][INFO] [Epoch 35/200] [Batch 589/590] [D loss: 1.382917] [G loss: 0.807608] [recon loss: 0.111314]
[2021-09-22 21:21:19,649][train.py][line:174][INFO] [Epoch 36/200] [Batch 589/590] [D loss: 1.332655] [G loss: 0.753237] [recon loss: 0.109521]
[2021-09-22 21:21:46,496][train.py][line:174][INFO] [Epoch 37/200] [Batch 589/590] [D loss: 1.287085] [G loss: 0.809388] [recon loss: 0.117657]
[2021-09-22 21:22:13,694][train.py][line:174][INFO] [Epoch 38/200] [Batch 589/590] [D loss: 1.306038] [G loss: 0.825934] [recon loss: 0.111202]
[2021-09-22 21:22:40,915][train.py][line:174][INFO] [Epoch 39/200] [Batch 589/590] [D loss: 1.338040] [G loss: 0.757874] [recon loss: 0.115929]
[2021-09-22 21:23:08,142][train.py][line:174][INFO] [Epoch 40/200] [Batch 589/590] [D loss: 1.276996] [G loss: 0.711330] [recon loss: 0.121359]
[2021-09-22 21:23:08,166][train.py][line:181][INFO] images40 saved in ./images/images40.png
[2021-09-22 21:23:35,246][train.py][line:174][INFO] [Epoch 41/200] [Batch 589/590] [D loss: 1.348959] [G loss: 0.790074] [recon loss: 0.126022]
[2021-09-22 21:24:03,313][train.py][line:174][INFO] [Epoch 42/200] [Batch 589/590] [D loss: 1.269310] [G loss: 0.808424] [recon loss: 0.114146]
[2021-09-22 21:24:29,762][train.py][line:174][INFO] [Epoch 43/200] [Batch 589/590] [D loss: 1.306587] [G loss: 0.757776] [recon loss: 0.121532]
[2021-09-22 21:24:56,960][train.py][line:174][INFO] [Epoch 44/200] [Batch 589/590] [D loss: 1.255528] [G loss: 0.837448] [recon loss: 0.112785]
[2021-09-22 21:25:22,966][train.py][line:174][INFO] [Epoch 45/200] [Batch 589/590] [D loss: 1.318764] [G loss: 0.738232] [recon loss: 0.112528]
[2021-09-22 21:25:49,465][train.py][line:174][INFO] [Epoch 46/200] [Batch 589/590] [D loss: 1.299851] [G loss: 0.838057] [recon loss: 0.113165]
[2021-09-22 21:26:15,594][train.py][line:174][INFO] [Epoch 47/200] [Batch 589/590] [D loss: 1.301917] [G loss: 0.767685] [recon loss: 0.115319]
[2021-09-22 21:26:41,921][train.py][line:174][INFO] [Epoch 48/200] [Batch 589/590] [D loss: 1.292642] [G loss: 0.846574] [recon loss: 0.114574]
[2021-09-22 21:27:08,250][train.py][line:174][INFO] [Epoch 49/200] [Batch 589/590] [D loss: 1.262948] [G loss: 0.885428] [recon loss: 0.108248]
[2021-09-22 21:27:08,253][train.py][line:184][INFO] model49 saved in ./model/model49.pkl
[2021-09-22 21:27:34,879][train.py][line:174][INFO] [Epoch 50/200] [Batch 589/590] [D loss: 1.297215] [G loss: 0.900359] [recon loss: 0.120857]
[2021-09-22 21:27:34,903][train.py][line:181][INFO] images50 saved in ./images/images50.png
[2021-09-22 21:28:01,246][train.py][line:174][INFO] [Epoch 51/200] [Batch 589/590] [D loss: 1.324414] [G loss: 0.761014] [recon loss: 0.117261]
[2021-09-22 21:28:27,285][train.py][line:174][INFO] [Epoch 52/200] [Batch 589/590] [D loss: 1.265530] [G loss: 0.937255] [recon loss: 0.122731]
[2021-09-22 21:28:53,499][train.py][line:174][INFO] [Epoch 53/200] [Batch 589/590] [D loss: 1.240927] [G loss: 0.848755] [recon loss: 0.114710]
[2021-09-22 21:29:19,655][train.py][line:174][INFO] [Epoch 54/200] [Batch 589/590] [D loss: 1.256596] [G loss: 0.805080] [recon loss: 0.119572]
[2021-09-22 21:29:45,885][train.py][line:174][INFO] [Epoch 55/200] [Batch 589/590] [D loss: 1.239398] [G loss: 0.845905] [recon loss: 0.118575]
[2021-09-22 21:30:12,086][train.py][line:174][INFO] [Epoch 56/200] [Batch 589/590] [D loss: 1.310173] [G loss: 0.941737] [recon loss: 0.111444]
[2021-09-22 21:30:38,385][train.py][line:174][INFO] [Epoch 57/200] [Batch 589/590] [D loss: 1.274182] [G loss: 0.885895] [recon loss: 0.122412]
[2021-09-22 21:31:04,595][train.py][line:174][INFO] [Epoch 58/200] [Batch 589/590] [D loss: 1.256078] [G loss: 0.835289] [recon loss: 0.120272]
[2021-09-22 21:31:30,977][train.py][line:174][INFO] [Epoch 59/200] [Batch 589/590] [D loss: 1.243254] [G loss: 1.047968] [recon loss: 0.107727]
[2021-09-22 21:31:57,049][train.py][line:174][INFO] [Epoch 60/200] [Batch 589/590] [D loss: 1.277843] [G loss: 0.876017] [recon loss: 0.124224]
[2021-09-22 21:31:57,073][train.py][line:181][INFO] images60 saved in ./images/images60.png
[2021-09-22 21:32:23,495][train.py][line:174][INFO] [Epoch 61/200] [Batch 589/590] [D loss: 1.271921] [G loss: 0.968752] [recon loss: 0.114331]
[2021-09-22 21:32:49,989][train.py][line:174][INFO] [Epoch 62/200] [Batch 589/590] [D loss: 1.392806] [G loss: 0.795875] [recon loss: 0.123045]
[2021-09-22 21:33:16,602][train.py][line:174][INFO] [Epoch 63/200] [Batch 589/590] [D loss: 1.229502] [G loss: 1.041971] [recon loss: 0.116435]
[2021-09-22 21:33:43,109][train.py][line:174][INFO] [Epoch 64/200] [Batch 589/590] [D loss: 1.275406] [G loss: 0.928801] [recon loss: 0.116843]
[2021-09-22 21:34:09,615][train.py][line:174][INFO] [Epoch 65/200] [Batch 589/590] [D loss: 1.285268] [G loss: 0.826960] [recon loss: 0.121454]
[2021-09-22 21:34:35,705][train.py][line:174][INFO] [Epoch 66/200] [Batch 589/590] [D loss: 1.238101] [G loss: 1.027089] [recon loss: 0.120771]
[2021-09-22 21:35:02,202][train.py][line:174][INFO] [Epoch 67/200] [Batch 589/590] [D loss: 1.322995] [G loss: 1.004838] [recon loss: 0.124683]
[2021-09-22 21:35:28,629][train.py][line:174][INFO] [Epoch 68/200] [Batch 589/590] [D loss: 1.248652] [G loss: 0.930330] [recon loss: 0.115300]
[2021-09-22 21:35:54,716][train.py][line:174][INFO] [Epoch 69/200] [Batch 589/590] [D loss: 1.222766] [G loss: 1.115164] [recon loss: 0.113763]
[2021-09-22 21:36:21,053][train.py][line:174][INFO] [Epoch 70/200] [Batch 589/590] [D loss: 1.238596] [G loss: 1.159253] [recon loss: 0.117106]
[2021-09-22 21:36:21,076][train.py][line:181][INFO] images70 saved in ./images/images70.png
[2021-09-22 21:36:47,914][train.py][line:174][INFO] [Epoch 71/200] [Batch 589/590] [D loss: 1.347619] [G loss: 0.925557] [recon loss: 0.112360]
[2021-09-22 21:37:14,206][train.py][line:174][INFO] [Epoch 72/200] [Batch 589/590] [D loss: 1.262764] [G loss: 1.313759] [recon loss: 0.118160]
[2021-09-22 21:37:40,841][train.py][line:174][INFO] [Epoch 73/200] [Batch 589/590] [D loss: 1.298208] [G loss: 1.139690] [recon loss: 0.120253]
[2021-09-22 21:38:07,011][train.py][line:174][INFO] [Epoch 74/200] [Batch 589/590] [D loss: 1.263237] [G loss: 1.562376] [recon loss: 0.115533]
[2021-09-22 21:38:33,413][train.py][line:174][INFO] [Epoch 75/200] [Batch 589/590] [D loss: 1.324586] [G loss: 0.968276] [recon loss: 0.121463]
[2021-09-22 21:38:59,514][train.py][line:174][INFO] [Epoch 76/200] [Batch 589/590] [D loss: 1.209975] [G loss: 1.158348] [recon loss: 0.122233]
[2021-09-22 21:39:26,277][train.py][line:174][INFO] [Epoch 77/200] [Batch 589/590] [D loss: 1.257497] [G loss: 1.064520] [recon loss: 0.117738]
[2021-09-22 21:39:52,174][train.py][line:174][INFO] [Epoch 78/200] [Batch 589/590] [D loss: 1.244612] [G loss: 1.110687] [recon loss: 0.119909]
[2021-09-22 21:40:17,839][train.py][line:174][INFO] [Epoch 79/200] [Batch 589/590] [D loss: 1.331277] [G loss: 1.166323] [recon loss: 0.121480]
[2021-09-22 21:40:44,094][train.py][line:174][INFO] [Epoch 80/200] [Batch 589/590] [D loss: 1.261266] [G loss: 1.054159] [recon loss: 0.114057]
[2021-09-22 21:40:44,118][train.py][line:181][INFO] images80 saved in ./images/images80.png
[2021-09-22 21:41:10,311][train.py][line:174][INFO] [Epoch 81/200] [Batch 589/590] [D loss: 1.241008] [G loss: 1.119608] [recon loss: 0.114195]
[2021-09-22 21:41:36,700][train.py][line:174][INFO] [Epoch 82/200] [Batch 589/590] [D loss: 1.242281] [G loss: 1.041790] [recon loss: 0.108277]
[2021-09-22 21:42:02,909][train.py][line:174][INFO] [Epoch 83/200] [Batch 589/590] [D loss: 1.250820] [G loss: 0.932228] [recon loss: 0.116946]
[2021-09-22 21:42:29,176][train.py][line:174][INFO] [Epoch 84/200] [Batch 589/590] [D loss: 1.265768] [G loss: 1.119956] [recon loss: 0.114177]
[2021-09-22 21:42:56,273][train.py][line:174][INFO] [Epoch 85/200] [Batch 589/590] [D loss: 1.314383] [G loss: 0.892986] [recon loss: 0.116494]
[2021-09-22 21:43:22,401][train.py][line:174][INFO] [Epoch 86/200] [Batch 589/590] [D loss: 1.225850] [G loss: 1.293489] [recon loss: 0.117524]
[2021-09-22 21:43:48,727][train.py][line:174][INFO] [Epoch 87/200] [Batch 589/590] [D loss: 1.344456] [G loss: 0.978659] [recon loss: 0.126332]
[2021-09-22 21:44:15,244][train.py][line:174][INFO] [Epoch 88/200] [Batch 589/590] [D loss: 1.301512] [G loss: 0.845823] [recon loss: 0.129518]
[2021-09-22 21:44:41,015][train.py][line:174][INFO] [Epoch 89/200] [Batch 589/590] [D loss: 1.291565] [G loss: 1.271623] [recon loss: 0.113768]
[2021-09-22 21:45:07,300][train.py][line:174][INFO] [Epoch 90/200] [Batch 589/590] [D loss: 1.196610] [G loss: 1.293627] [recon loss: 0.119519]
[2021-09-22 21:45:07,324][train.py][line:181][INFO] images90 saved in ./images/images90.png
[2021-09-22 21:45:33,003][train.py][line:174][INFO] [Epoch 91/200] [Batch 589/590] [D loss: 1.246255] [G loss: 0.920979] [recon loss: 0.120454]
[2021-09-22 21:45:59,131][train.py][line:174][INFO] [Epoch 92/200] [Batch 589/590] [D loss: 1.295389] [G loss: 1.049520] [recon loss: 0.114402]
[2021-09-22 21:46:25,206][train.py][line:174][INFO] [Epoch 93/200] [Batch 589/590] [D loss: 1.205591] [G loss: 1.427244] [recon loss: 0.119026]
[2021-09-22 21:46:51,551][train.py][line:174][INFO] [Epoch 94/200] [Batch 589/590] [D loss: 1.313544] [G loss: 0.845950] [recon loss: 0.116056]
[2021-09-22 21:47:18,234][train.py][line:174][INFO] [Epoch 95/200] [Batch 589/590] [D loss: 1.302906] [G loss: 0.874237] [recon loss: 0.121299]
[2021-09-22 21:47:44,013][train.py][line:174][INFO] [Epoch 96/200] [Batch 589/590] [D loss: 1.296749] [G loss: 0.827384] [recon loss: 0.122270]
[2021-09-22 21:48:10,090][train.py][line:174][INFO] [Epoch 97/200] [Batch 589/590] [D loss: 1.236241] [G loss: 0.888123] [recon loss: 0.119563]
[2021-09-22 21:48:36,460][train.py][line:174][INFO] [Epoch 98/200] [Batch 589/590] [D loss: 1.250422] [G loss: 1.322833] [recon loss: 0.107790]
[2021-09-22 21:49:02,875][train.py][line:174][INFO] [Epoch 99/200] [Batch 589/590] [D loss: 1.307488] [G loss: 0.973316] [recon loss: 0.112885]
[2021-09-22 21:49:02,879][train.py][line:184][INFO] model99 saved in ./model/model99.pkl
[2021-09-22 21:49:29,865][train.py][line:174][INFO] [Epoch 100/200] [Batch 589/590] [D loss: 1.247307] [G loss: 0.907794] [recon loss: 0.119084]
[2021-09-22 21:49:29,888][train.py][line:181][INFO] images100 saved in ./images/images100.png
[2021-09-22 21:49:56,255][train.py][line:174][INFO] [Epoch 101/200] [Batch 589/590] [D loss: 1.391499] [G loss: 0.838715] [recon loss: 0.117509]
[2021-09-22 21:50:22,630][train.py][line:174][INFO] [Epoch 102/200] [Batch 589/590] [D loss: 1.286542] [G loss: 0.794647] [recon loss: 0.117392]
[2021-09-22 21:50:48,682][train.py][line:174][INFO] [Epoch 103/200] [Batch 589/590] [D loss: 1.291562] [G loss: 0.863179] [recon loss: 0.123135]
[2021-09-22 21:51:15,917][train.py][line:174][INFO] [Epoch 104/200] [Batch 589/590] [D loss: 1.271099] [G loss: 0.825450] [recon loss: 0.120023]
[2021-09-22 21:51:43,101][train.py][line:174][INFO] [Epoch 105/200] [Batch 589/590] [D loss: 1.324451] [G loss: 0.818363] [recon loss: 0.121938]
[2021-09-22 21:52:10,628][train.py][line:174][INFO] [Epoch 106/200] [Batch 589/590] [D loss: 1.304314] [G loss: 0.772606] [recon loss: 0.122618]
[2021-09-22 21:52:38,333][train.py][line:174][INFO] [Epoch 107/200] [Batch 589/590] [D loss: 1.235041] [G loss: 0.959121] [recon loss: 0.113792]
[2021-09-22 21:53:05,522][train.py][line:174][INFO] [Epoch 108/200] [Batch 589/590] [D loss: 1.235957] [G loss: 1.025900] [recon loss: 0.113985]
[2021-09-22 21:53:32,626][train.py][line:174][INFO] [Epoch 109/200] [Batch 589/590] [D loss: 1.359988] [G loss: 0.937586] [recon loss: 0.107331]
[2021-09-22 21:53:59,356][train.py][line:174][INFO] [Epoch 110/200] [Batch 589/590] [D loss: 1.233790] [G loss: 0.846827] [recon loss: 0.118946]
[2021-09-22 21:53:59,382][train.py][line:181][INFO] images110 saved in ./images/images110.png
[2021-09-22 21:54:27,646][train.py][line:174][INFO] [Epoch 111/200] [Batch 589/590] [D loss: 1.191271] [G loss: 0.938622] [recon loss: 0.114800]
[2021-09-22 21:54:54,679][train.py][line:174][INFO] [Epoch 112/200] [Batch 589/590] [D loss: 1.295737] [G loss: 0.932258] [recon loss: 0.116172]
[2021-09-22 21:55:21,844][train.py][line:174][INFO] [Epoch 113/200] [Batch 589/590] [D loss: 1.339361] [G loss: 1.015543] [recon loss: 0.120363]
[2021-09-22 21:55:50,644][train.py][line:174][INFO] [Epoch 114/200] [Batch 589/590] [D loss: 1.258551] [G loss: 0.878157] [recon loss: 0.111516]
[2021-09-22 21:56:18,283][train.py][line:174][INFO] [Epoch 115/200] [Batch 589/590] [D loss: 1.184686] [G loss: 0.921416] [recon loss: 0.109240]
[2021-09-22 21:56:45,543][train.py][line:174][INFO] [Epoch 116/200] [Batch 589/590] [D loss: 1.317584] [G loss: 1.015661] [recon loss: 0.114307]
[2021-09-22 21:57:12,606][train.py][line:174][INFO] [Epoch 117/200] [Batch 589/590] [D loss: 1.311876] [G loss: 0.819649] [recon loss: 0.116985]
[2021-09-22 21:57:39,633][train.py][line:174][INFO] [Epoch 118/200] [Batch 589/590] [D loss: 1.310845] [G loss: 0.888540] [recon loss: 0.114683]
[2021-09-22 21:58:06,819][train.py][line:174][INFO] [Epoch 119/200] [Batch 589/590] [D loss: 1.354696] [G loss: 0.843371] [recon loss: 0.110546]
[2021-09-22 21:58:34,104][train.py][line:174][INFO] [Epoch 120/200] [Batch 589/590] [D loss: 1.285195] [G loss: 0.887145] [recon loss: 0.111824]
[2021-09-22 21:58:34,134][train.py][line:181][INFO] images120 saved in ./images/images120.png
[2021-09-22 21:59:01,460][train.py][line:174][INFO] [Epoch 121/200] [Batch 589/590] [D loss: 1.239896] [G loss: 0.983819] [recon loss: 0.110561]
[2021-09-22 21:59:28,051][train.py][line:174][INFO] [Epoch 122/200] [Batch 589/590] [D loss: 1.324479] [G loss: 1.014342] [recon loss: 0.116103]
[2021-09-22 21:59:54,890][train.py][line:174][INFO] [Epoch 123/200] [Batch 589/590] [D loss: 1.293979] [G loss: 0.777638] [recon loss: 0.120649]
[2021-09-22 22:00:21,820][train.py][line:174][INFO] [Epoch 124/200] [Batch 589/590] [D loss: 1.299281] [G loss: 0.886402] [recon loss: 0.117092]
[2021-09-22 22:00:48,564][train.py][line:174][INFO] [Epoch 125/200] [Batch 589/590] [D loss: 1.315866] [G loss: 0.801663] [recon loss: 0.127765]
[2021-09-22 22:01:15,745][train.py][line:174][INFO] [Epoch 126/200] [Batch 589/590] [D loss: 1.312127] [G loss: 0.854464] [recon loss: 0.125748]
[2021-09-22 22:01:42,392][train.py][line:174][INFO] [Epoch 127/200] [Batch 589/590] [D loss: 1.264037] [G loss: 0.929119] [recon loss: 0.111987]
[2021-09-22 22:02:09,174][train.py][line:174][INFO] [Epoch 128/200] [Batch 589/590] [D loss: 1.242961] [G loss: 0.975335] [recon loss: 0.117580]
[2021-09-22 22:02:35,901][train.py][line:174][INFO] [Epoch 129/200] [Batch 589/590] [D loss: 1.298782] [G loss: 1.027684] [recon loss: 0.113451]
[2021-09-22 22:03:02,686][train.py][line:174][INFO] [Epoch 130/200] [Batch 589/590] [D loss: 1.302956] [G loss: 1.047434] [recon loss: 0.119596]
[2021-09-22 22:03:02,711][train.py][line:181][INFO] images130 saved in ./images/images130.png
[2021-09-22 22:03:29,439][train.py][line:174][INFO] [Epoch 131/200] [Batch 589/590] [D loss: 1.401277] [G loss: 0.937987] [recon loss: 0.114791]
[2021-09-22 22:03:56,788][train.py][line:174][INFO] [Epoch 132/200] [Batch 589/590] [D loss: 1.348923] [G loss: 0.752755] [recon loss: 0.113645]
[2021-09-22 22:04:24,275][train.py][line:174][INFO] [Epoch 133/200] [Batch 589/590] [D loss: 1.290411] [G loss: 0.929305] [recon loss: 0.117787]
[2021-09-22 22:04:51,791][train.py][line:174][INFO] [Epoch 134/200] [Batch 589/590] [D loss: 1.361088] [G loss: 0.848283] [recon loss: 0.113182]
[2021-09-22 22:05:19,485][train.py][line:174][INFO] [Epoch 135/200] [Batch 589/590] [D loss: 1.257852] [G loss: 0.796166] [recon loss: 0.120313]
[2021-09-22 22:05:46,235][train.py][line:174][INFO] [Epoch 136/200] [Batch 589/590] [D loss: 1.278154] [G loss: 0.951707] [recon loss: 0.115148]
[2021-09-22 22:06:13,345][train.py][line:174][INFO] [Epoch 137/200] [Batch 589/590] [D loss: 1.259291] [G loss: 0.980843] [recon loss: 0.110826]
[2021-09-22 22:06:39,818][train.py][line:174][INFO] [Epoch 138/200] [Batch 589/590] [D loss: 1.274207] [G loss: 1.197161] [recon loss: 0.112762]
[2021-09-22 22:07:06,495][train.py][line:174][INFO] [Epoch 139/200] [Batch 589/590] [D loss: 1.208629] [G loss: 1.130826] [recon loss: 0.113455]
[2021-09-22 22:07:33,996][train.py][line:174][INFO] [Epoch 140/200] [Batch 589/590] [D loss: 1.270903] [G loss: 1.234276] [recon loss: 0.116389]
[2021-09-22 22:07:34,019][train.py][line:181][INFO] images140 saved in ./images/images140.png
[2021-09-22 22:08:01,176][train.py][line:174][INFO] [Epoch 141/200] [Batch 589/590] [D loss: 1.286594] [G loss: 1.082843] [recon loss: 0.122999]
[2021-09-22 22:08:27,991][train.py][line:174][INFO] [Epoch 142/200] [Batch 589/590] [D loss: 1.372044] [G loss: 0.908398] [recon loss: 0.119367]
[2021-09-22 22:08:55,414][train.py][line:174][INFO] [Epoch 143/200] [Batch 589/590] [D loss: 1.281657] [G loss: 1.017337] [recon loss: 0.118880]
[2021-09-22 22:09:21,912][train.py][line:174][INFO] [Epoch 144/200] [Batch 589/590] [D loss: 1.272914] [G loss: 1.278803] [recon loss: 0.115150]
[2021-09-22 22:09:48,531][train.py][line:174][INFO] [Epoch 145/200] [Batch 589/590] [D loss: 1.266653] [G loss: 1.411732] [recon loss: 0.118506]
[2021-09-22 22:10:15,465][train.py][line:174][INFO] [Epoch 146/200] [Batch 589/590] [D loss: 1.245176] [G loss: 0.992249] [recon loss: 0.125367]
[2021-09-22 22:10:42,299][train.py][line:174][INFO] [Epoch 147/200] [Batch 589/590] [D loss: 1.304847] [G loss: 0.825253] [recon loss: 0.120186]
[2021-09-22 22:11:10,777][train.py][line:174][INFO] [Epoch 148/200] [Batch 589/590] [D loss: 1.239133] [G loss: 1.072917] [recon loss: 0.127296]
[2021-09-22 22:11:38,131][train.py][line:174][INFO] [Epoch 149/200] [Batch 589/590] [D loss: 1.295411] [G loss: 0.837716] [recon loss: 0.113578]
[2021-09-22 22:11:38,135][train.py][line:184][INFO] model149 saved in ./model/model149.pkl
[2021-09-22 22:12:05,985][train.py][line:174][INFO] [Epoch 150/200] [Batch 589/590] [D loss: 1.290286] [G loss: 0.900343] [recon loss: 0.119454]
[2021-09-22 22:12:06,011][train.py][line:181][INFO] images150 saved in ./images/images150.png
[2021-09-22 22:12:32,821][train.py][line:174][INFO] [Epoch 151/200] [Batch 589/590] [D loss: 1.251317] [G loss: 1.245099] [recon loss: 0.122928]
[2021-09-22 22:12:59,791][train.py][line:174][INFO] [Epoch 152/200] [Batch 589/590] [D loss: 1.281123] [G loss: 1.191118] [recon loss: 0.119889]
[2021-09-22 22:13:26,450][train.py][line:174][INFO] [Epoch 153/200] [Batch 589/590] [D loss: 1.279847] [G loss: 0.781389] [recon loss: 0.117269]
[2021-09-22 22:13:53,255][train.py][line:174][INFO] [Epoch 154/200] [Batch 589/590] [D loss: 1.259468] [G loss: 1.138465] [recon loss: 0.122384]
[2021-09-22 22:14:20,246][train.py][line:174][INFO] [Epoch 155/200] [Batch 589/590] [D loss: 1.309604] [G loss: 1.533541] [recon loss: 0.114944]
[2021-09-22 22:14:47,467][train.py][line:174][INFO] [Epoch 156/200] [Batch 589/590] [D loss: 1.266245] [G loss: 1.012622] [recon loss: 0.113869]
[2021-09-22 22:15:14,456][train.py][line:174][INFO] [Epoch 157/200] [Batch 589/590] [D loss: 1.312711] [G loss: 1.271597] [recon loss: 0.121316]
[2021-09-22 22:15:41,537][train.py][line:174][INFO] [Epoch 158/200] [Batch 589/590] [D loss: 1.226954] [G loss: 1.242276] [recon loss: 0.116846]
[2021-09-22 22:16:08,595][train.py][line:174][INFO] [Epoch 159/200] [Batch 589/590] [D loss: 1.241751] [G loss: 1.060644] [recon loss: 0.120870]
[2021-09-22 22:16:35,959][train.py][line:174][INFO] [Epoch 160/200] [Batch 589/590] [D loss: 1.218150] [G loss: 1.249769] [recon loss: 0.117786]
[2021-09-22 22:16:35,986][train.py][line:181][INFO] images160 saved in ./images/images160.png
[2021-09-22 22:17:03,267][train.py][line:174][INFO] [Epoch 161/200] [Batch 589/590] [D loss: 1.306901] [G loss: 1.367325] [recon loss: 0.122806]
[2021-09-22 22:17:30,257][train.py][line:174][INFO] [Epoch 162/200] [Batch 589/590] [D loss: 1.251611] [G loss: 1.252295] [recon loss: 0.120723]
[2021-09-22 22:17:56,857][train.py][line:174][INFO] [Epoch 163/200] [Batch 589/590] [D loss: 1.262136] [G loss: 1.275079] [recon loss: 0.119774]
[2021-09-22 22:18:24,463][train.py][line:174][INFO] [Epoch 164/200] [Batch 589/590] [D loss: 1.336143] [G loss: 1.347288] [recon loss: 0.115685]
[2021-09-22 22:18:51,016][train.py][line:174][INFO] [Epoch 165/200] [Batch 589/590] [D loss: 1.222462] [G loss: 1.216890] [recon loss: 0.119663]
[2021-09-22 22:19:18,471][train.py][line:174][INFO] [Epoch 166/200] [Batch 589/590] [D loss: 1.214493] [G loss: 1.644122] [recon loss: 0.114989]
[2021-09-22 22:19:45,772][train.py][line:174][INFO] [Epoch 167/200] [Batch 589/590] [D loss: 1.238210] [G loss: 1.009843] [recon loss: 0.123281]
[2021-09-22 22:20:12,483][train.py][line:174][INFO] [Epoch 168/200] [Batch 589/590] [D loss: 1.197125] [G loss: 0.979465] [recon loss: 0.113396]
[2021-09-22 22:20:39,743][train.py][line:174][INFO] [Epoch 169/200] [Batch 589/590] [D loss: 1.260601] [G loss: 0.953528] [recon loss: 0.120516]
[2021-09-22 22:21:07,495][train.py][line:174][INFO] [Epoch 170/200] [Batch 589/590] [D loss: 1.170169] [G loss: 1.093651] [recon loss: 0.113697]
[2021-09-22 22:21:07,520][train.py][line:181][INFO] images170 saved in ./images/images170.png
[2021-09-22 22:21:34,364][train.py][line:174][INFO] [Epoch 171/200] [Batch 589/590] [D loss: 1.337455] [G loss: 1.052326] [recon loss: 0.119721]
[2021-09-22 22:22:01,464][train.py][line:174][INFO] [Epoch 172/200] [Batch 589/590] [D loss: 1.248273] [G loss: 1.223265] [recon loss: 0.115187]
[2021-09-22 22:22:28,033][train.py][line:174][INFO] [Epoch 173/200] [Batch 589/590] [D loss: 1.234262] [G loss: 1.056974] [recon loss: 0.121004]
[2021-09-22 22:22:54,751][train.py][line:174][INFO] [Epoch 174/200] [Batch 589/590] [D loss: 1.256384] [G loss: 0.828160] [recon loss: 0.122712]
[2021-09-22 22:23:22,267][train.py][line:174][INFO] [Epoch 175/200] [Batch 589/590] [D loss: 1.273144] [G loss: 1.057182] [recon loss: 0.121960]
[2021-09-22 22:23:49,540][train.py][line:174][INFO] [Epoch 176/200] [Batch 589/590] [D loss: 1.236227] [G loss: 1.194088] [recon loss: 0.117172]
[2021-09-22 22:24:16,546][train.py][line:174][INFO] [Epoch 177/200] [Batch 589/590] [D loss: 1.262758] [G loss: 1.526960] [recon loss: 0.118999]
[2021-09-22 22:24:43,583][train.py][line:174][INFO] [Epoch 178/200] [Batch 589/590] [D loss: 1.203807] [G loss: 0.879208] [recon loss: 0.115909]
[2021-09-22 22:25:11,069][train.py][line:174][INFO] [Epoch 179/200] [Batch 589/590] [D loss: 1.195866] [G loss: 1.110224] [recon loss: 0.118038]
[2021-09-22 22:25:37,782][train.py][line:174][INFO] [Epoch 180/200] [Batch 589/590] [D loss: 1.242988] [G loss: 1.380798] [recon loss: 0.106674]
[2021-09-22 22:25:37,807][train.py][line:181][INFO] images180 saved in ./images/images180.png
[2021-09-22 22:26:04,615][train.py][line:174][INFO] [Epoch 181/200] [Batch 589/590] [D loss: 1.277399] [G loss: 0.915131] [recon loss: 0.117903]
[2021-09-22 22:26:32,245][train.py][line:174][INFO] [Epoch 182/200] [Batch 589/590] [D loss: 1.296148] [G loss: 0.842882] [recon loss: 0.120435]
[2021-09-22 22:26:59,266][train.py][line:174][INFO] [Epoch 183/200] [Batch 589/590] [D loss: 1.265561] [G loss: 1.008375] [recon loss: 0.120350]
[2021-09-22 22:27:25,858][train.py][line:174][INFO] [Epoch 184/200] [Batch 589/590] [D loss: 1.271113] [G loss: 0.867243] [recon loss: 0.120400]
[2021-09-22 22:27:52,551][train.py][line:174][INFO] [Epoch 185/200] [Batch 589/590] [D loss: 1.161570] [G loss: 1.222461] [recon loss: 0.114621]
[2021-09-22 22:28:19,526][train.py][line:174][INFO] [Epoch 186/200] [Batch 589/590] [D loss: 1.287594] [G loss: 1.010186] [recon loss: 0.123187]
[2021-09-22 22:28:45,806][train.py][line:174][INFO] [Epoch 187/200] [Batch 589/590] [D loss: 1.250271] [G loss: 1.223916] [recon loss: 0.115473]
[2021-09-22 22:29:13,027][train.py][line:174][INFO] [Epoch 188/200] [Batch 589/590] [D loss: 1.191557] [G loss: 1.501694] [recon loss: 0.117986]
[2021-09-22 22:29:39,607][train.py][line:174][INFO] [Epoch 189/200] [Batch 589/590] [D loss: 1.291555] [G loss: 1.191532] [recon loss: 0.115865]
[2021-09-22 22:30:06,837][train.py][line:174][INFO] [Epoch 190/200] [Batch 589/590] [D loss: 1.259717] [G loss: 1.049526] [recon loss: 0.121243]
[2021-09-22 22:30:06,864][train.py][line:181][INFO] images190 saved in ./images/images190.png
[2021-09-22 22:30:34,274][train.py][line:174][INFO] [Epoch 191/200] [Batch 589/590] [D loss: 1.182926] [G loss: 1.235648] [recon loss: 0.119336]
[2021-09-22 22:31:03,096][train.py][line:174][INFO] [Epoch 192/200] [Batch 589/590] [D loss: 1.223318] [G loss: 0.929699] [recon loss: 0.127071]
[2021-09-22 22:31:30,009][train.py][line:174][INFO] [Epoch 193/200] [Batch 589/590] [D loss: 1.213901] [G loss: 1.084576] [recon loss: 0.116080]
[2021-09-22 22:31:56,987][train.py][line:174][INFO] [Epoch 194/200] [Batch 589/590] [D loss: 1.243352] [G loss: 1.417330] [recon loss: 0.117101]
[2021-09-22 22:32:23,806][train.py][line:174][INFO] [Epoch 195/200] [Batch 589/590] [D loss: 1.237402] [G loss: 1.083400] [recon loss: 0.122350]
[2021-09-22 22:32:50,862][train.py][line:174][INFO] [Epoch 196/200] [Batch 589/590] [D loss: 1.376923] [G loss: 0.807771] [recon loss: 0.118330]
[2021-09-22 22:33:17,824][train.py][line:174][INFO] [Epoch 197/200] [Batch 589/590] [D loss: 1.257912] [G loss: 1.295460] [recon loss: 0.114419]
[2021-09-22 22:33:44,554][train.py][line:174][INFO] [Epoch 198/200] [Batch 589/590] [D loss: 1.279983] [G loss: 0.980942] [recon loss: 0.115974]
[2021-09-22 22:34:11,423][train.py][line:174][INFO] [Epoch 199/200] [Batch 589/590] [D loss: 1.329023] [G loss: 0.899863] [recon loss: 0.118347]
[2021-09-22 22:34:11,426][train.py][line:184][INFO] model199 saved in ./model/model199.pkl
[2021-09-22 22:34:11,843][train.py][line:196][INFO] finish training
